2014-02-03 11:02:12,991 - root - INFO - Main program started
2014-02-03 11:02:12,991 - root - INFO - Number of site monitors to build: 5
2014-02-03 11:02:12,992 - root.abstrackr.cebm.brown.edu - DEBUG - Found hostname abstrackr.cebm.brown.edu
2014-02-03 11:02:12,992 - root.abstrackr.cebm.brown.edu - DEBUG - abstrackr.cebm.brown.edu was None last time it was checked
2014-02-03 11:02:12,992 - root.abstrackr.cebm.brown.edu - DEBUG - Alert for abstrackr.cebm.brown.edu need to be sent to ['jens_jap@brown.edu', 'byron_wallace@brown', 'jensjap@gmail.com']
2014-02-03 11:02:12,992 - root.sunfire34.eecs.tufts.edu - DEBUG - Found hostname sunfire34.eecs.tufts.edu
2014-02-03 11:02:12,992 - root.sunfire34.eecs.tufts.edu - DEBUG - sunfire34.eecs.tufts.edu was None last time it was checked
2014-02-03 11:02:12,992 - root.sunfire34.eecs.tufts.edu - DEBUG - Alert for sunfire34.eecs.tufts.edu need to be sent to ['jens_jap@brown.edu', 'byron_wallace@brown', 'jensjap@gmail.com']
2014-02-03 11:02:12,992 - root.srdr.ahrq.gov - DEBUG - Found hostname srdr.ahrq.gov
2014-02-03 11:02:12,992 - root.srdr.ahrq.gov - DEBUG - srdr.ahrq.gov was None last time it was checked
2014-02-03 11:02:12,992 - root.srdr.ahrq.gov - DEBUG - Alert for srdr.ahrq.gov need to be sent to ['jens_jap@brown.edu', 'byron_wallace@brown', 'jensjap@gmail.com']
2014-02-03 11:02:12,992 - root.srdr.training.ahrq.gov - DEBUG - Found hostname srdr.training.ahrq.gov
2014-02-03 11:02:12,992 - root.srdr.training.ahrq.gov - DEBUG - srdr.training.ahrq.gov was None last time it was checked
2014-02-03 11:02:12,992 - root.srdr.training.ahrq.gov - DEBUG - Alert for srdr.training.ahrq.gov need to be sent to ['jens_jap@brown.edu', 'byron_wallace@brown', 'jensjap@gmail.com']
2014-02-03 11:02:12,992 - root.www.infalliblekitty.com - DEBUG - Found hostname www.infalliblekitty.com
2014-02-03 11:02:12,992 - root.www.infalliblekitty.com - DEBUG - www.infalliblekitty.com was down last time it was checked
2014-02-03 11:02:12,993 - root.www.infalliblekitty.com - DEBUG - Alert for www.infalliblekitty.com need to be sent to ['jens_jap@brown.edu']
2014-02-03 11:02:13,167 - root.abstrackr.cebm.brown.edu - INFO - Checking status of abstrackr.cebm.brown.edu
2014-02-03 11:02:13,172 - root.abstrackr.cebm.brown.edu - INFO - abstrackr.cebm.brown.edu is down. Site status is 0
2014-02-03 11:02:13,301 - root.sunfire34.eecs.tufts.edu - INFO - Checking status of sunfire34.eecs.tufts.edu
2014-02-03 11:02:13,301 - root.sunfire34.eecs.tufts.edu - INFO - sunfire34.eecs.tufts.edu is down. Site status is 0
2014-02-03 11:02:13,431 - root.srdr.ahrq.gov - INFO - Checking status of srdr.ahrq.gov
2014-02-03 11:02:13,431 - root.srdr.ahrq.gov - INFO - srdr.ahrq.gov is down. Site status is 0
2014-02-03 11:02:13,631 - root.srdr.training.ahrq.gov - INFO - Checking status of srdr.training.ahrq.gov
2014-02-03 11:02:13,631 - root.srdr.training.ahrq.gov - INFO - srdr.training.ahrq.gov is down. Site status is 0
2014-02-03 11:02:13,758 - root.www.infalliblekitty.com - INFO - Checking status of www.infalliblekitty.com
2014-02-03 11:10:39,388 - root - INFO - Main program started
2014-02-03 11:10:39,388 - root - INFO - Number of site monitors to build: 5
2014-02-03 11:10:39,388 - root.abstrackr.cebm.brown.edu - DEBUG - Found hostname abstrackr.cebm.brown.edu
2014-02-03 11:10:39,388 - root.abstrackr.cebm.brown.edu - DEBUG - abstrackr.cebm.brown.edu was down last time it was checked
2014-02-03 11:10:39,389 - root.abstrackr.cebm.brown.edu - DEBUG - Alert for abstrackr.cebm.brown.edu need to be sent to ['jens_jap@brown.edu', 'byron_wallace@brown', 'jensjap@gmail.com']
2014-02-03 11:10:39,389 - root.sunfire34.eecs.tufts.edu - DEBUG - Found hostname sunfire34.eecs.tufts.edu
2014-02-03 11:10:39,389 - root.sunfire34.eecs.tufts.edu - DEBUG - sunfire34.eecs.tufts.edu was down last time it was checked
2014-02-03 11:10:39,389 - root.sunfire34.eecs.tufts.edu - DEBUG - Alert for sunfire34.eecs.tufts.edu need to be sent to ['jens_jap@brown.edu', 'byron_wallace@brown', 'jensjap@gmail.com']
2014-02-03 11:10:39,389 - root.srdr.ahrq.gov - DEBUG - Found hostname srdr.ahrq.gov
2014-02-03 11:10:39,389 - root.srdr.ahrq.gov - DEBUG - srdr.ahrq.gov was down last time it was checked
2014-02-03 11:10:39,389 - root.srdr.ahrq.gov - DEBUG - Alert for srdr.ahrq.gov need to be sent to ['jens_jap@brown.edu', 'byron_wallace@brown', 'jensjap@gmail.com']
2014-02-03 11:10:39,389 - root.srdr.training.ahrq.gov - DEBUG - Found hostname srdr.training.ahrq.gov
2014-02-03 11:10:39,389 - root.srdr.training.ahrq.gov - DEBUG - srdr.training.ahrq.gov was down last time it was checked
2014-02-03 11:10:39,389 - root.srdr.training.ahrq.gov - DEBUG - Alert for srdr.training.ahrq.gov need to be sent to ['jens_jap@brown.edu', 'byron_wallace@brown', 'jensjap@gmail.com']
2014-02-03 11:10:39,389 - root.www.infalliblekitty.com - DEBUG - Found hostname www.infalliblekitty.com
2014-02-03 11:10:39,389 - root.www.infalliblekitty.com - DEBUG - www.infalliblekitty.com was down last time it was checked
2014-02-03 11:10:39,389 - root.www.infalliblekitty.com - DEBUG - Alert for www.infalliblekitty.com need to be sent to ['jens_jap@brown.edu']
2014-02-03 11:10:44,597 - root.abstrackr.cebm.brown.edu - INFO - Checking status of abstrackr.cebm.brown.edu
2014-02-03 11:10:44,600 - root.abstrackr.cebm.brown.edu - INFO - [Errno 2] No such file or directory: 'abstrackr.cebm.brown.edu'
2014-02-03 11:10:44,754 - root.sunfire34.eecs.tufts.edu - INFO - Checking status of sunfire34.eecs.tufts.edu
2014-02-03 11:10:44,754 - root.sunfire34.eecs.tufts.edu - INFO - [Errno 2] No such file or directory: 'sunfire34.eecs.tufts.edu'
2014-02-03 11:10:44,887 - root.srdr.ahrq.gov - INFO - Checking status of srdr.ahrq.gov
2014-02-03 11:10:44,888 - root.srdr.ahrq.gov - INFO - [Errno 2] No such file or directory: 'srdr.ahrq.gov'
2014-02-03 11:10:45,110 - root.srdr.training.ahrq.gov - INFO - Checking status of srdr.training.ahrq.gov
2014-02-03 11:10:45,110 - root.srdr.training.ahrq.gov - INFO - [Errno 2] No such file or directory: 'srdr.training.ahrq.gov'
2014-02-03 11:10:45,274 - root.www.infalliblekitty.com - INFO - Checking status of www.infalliblekitty.com
2014-02-03 11:10:45,274 - root.www.infalliblekitty.com - INFO - [Errno 2] No such file or directory: 'www.infalliblekitty.com'
2014-02-03 11:12:53,020 - root - INFO - Main program started
2014-02-03 11:12:53,020 - root - INFO - Number of site monitors to build: 5
2014-02-03 11:12:53,020 - root.abstrackr.cebm.brown.edu - DEBUG - Found hostname abstrackr.cebm.brown.edu
2014-02-03 11:12:53,020 - root.abstrackr.cebm.brown.edu - DEBUG - abstrackr.cebm.brown.edu was down last time it was checked
2014-02-03 11:12:53,020 - root.abstrackr.cebm.brown.edu - DEBUG - Alert for abstrackr.cebm.brown.edu need to be sent to ['jens_jap@brown.edu', 'byron_wallace@brown', 'jensjap@gmail.com']
2014-02-03 11:12:53,020 - root.sunfire34.eecs.tufts.edu - DEBUG - Found hostname sunfire34.eecs.tufts.edu
2014-02-03 11:12:53,020 - root.sunfire34.eecs.tufts.edu - DEBUG - sunfire34.eecs.tufts.edu was down last time it was checked
2014-02-03 11:12:53,020 - root.sunfire34.eecs.tufts.edu - DEBUG - Alert for sunfire34.eecs.tufts.edu need to be sent to ['jens_jap@brown.edu', 'byron_wallace@brown', 'jensjap@gmail.com']
2014-02-03 11:12:53,021 - root.srdr.ahrq.gov - DEBUG - Found hostname srdr.ahrq.gov
2014-02-03 11:12:53,021 - root.srdr.ahrq.gov - DEBUG - srdr.ahrq.gov was down last time it was checked
2014-02-03 11:12:53,021 - root.srdr.ahrq.gov - DEBUG - Alert for srdr.ahrq.gov need to be sent to ['jens_jap@brown.edu', 'byron_wallace@brown', 'jensjap@gmail.com']
2014-02-03 11:12:53,021 - root.srdr.training.ahrq.gov - DEBUG - Found hostname srdr.training.ahrq.gov
2014-02-03 11:12:53,021 - root.srdr.training.ahrq.gov - DEBUG - srdr.training.ahrq.gov was down last time it was checked
2014-02-03 11:12:53,021 - root.srdr.training.ahrq.gov - DEBUG - Alert for srdr.training.ahrq.gov need to be sent to ['jens_jap@brown.edu', 'byron_wallace@brown', 'jensjap@gmail.com']
2014-02-03 11:12:53,021 - root.www.infalliblekitty.com - DEBUG - Found hostname www.infalliblekitty.com
2014-02-03 11:12:53,021 - root.www.infalliblekitty.com - DEBUG - www.infalliblekitty.com was down last time it was checked
2014-02-03 11:12:53,021 - root.www.infalliblekitty.com - DEBUG - Alert for www.infalliblekitty.com need to be sent to ['jens_jap@brown.edu']
2014-02-03 11:12:53,306 - root.abstrackr.cebm.brown.edu - INFO - Checking status of abstrackr.cebm.brown.edu
2014-02-03 11:12:53,334 - root.abstrackr.cebm.brown.edu - INFO - abstrackr.cebm.brown.edu is up again. Site status is 200
2014-02-03 11:12:53,335 - root.abstrackr.cebm.brown.edu - INFO - abstrackr.cebm.brown.edu came back up again. Sending emails
2014-02-03 11:12:53,476 - root.sunfire34.eecs.tufts.edu - INFO - Checking status of sunfire34.eecs.tufts.edu
2014-02-03 11:12:53,602 - root.sunfire34.eecs.tufts.edu - INFO - sunfire34.eecs.tufts.edu is up again. Site status is 200
2014-02-03 11:12:53,602 - root.sunfire34.eecs.tufts.edu - INFO - sunfire34.eecs.tufts.edu came back up again. Sending emails
2014-02-03 11:12:53,788 - root.srdr.ahrq.gov - INFO - Checking status of srdr.ahrq.gov
2014-02-03 11:12:58,689 - root.srdr.ahrq.gov - INFO - srdr.ahrq.gov is up again. Site status is 200
2014-02-03 11:12:58,689 - root.srdr.ahrq.gov - INFO - srdr.ahrq.gov came back up again. Sending emails
2014-02-03 11:12:58,906 - root.srdr.training.ahrq.gov - INFO - Checking status of srdr.training.ahrq.gov
2014-02-03 11:13:01,444 - root.srdr.training.ahrq.gov - INFO - srdr.training.ahrq.gov is up again. Site status is 200
2014-02-03 11:13:01,444 - root.srdr.training.ahrq.gov - INFO - srdr.training.ahrq.gov came back up again. Sending emails
2014-02-03 11:13:01,639 - root.www.infalliblekitty.com - INFO - Checking status of www.infalliblekitty.com
2014-02-03 11:15:09,178 - root.www.infalliblekitty.com - INFO - [Errno socket error] [Errno 110] Connection timed out
2014-02-03 11:16:43,321 - root - INFO - Main program started
2014-02-03 11:16:43,321 - root - INFO - Number of site monitors to build: 5
2014-02-03 11:16:43,322 - root.abstrackr.cebm.brown.edu - DEBUG - Found hostname abstrackr.cebm.brown.edu
2014-02-03 11:16:43,322 - root.abstrackr.cebm.brown.edu - DEBUG - abstrackr.cebm.brown.edu was up last time it was checked
2014-02-03 11:16:43,322 - root.abstrackr.cebm.brown.edu - DEBUG - Alert for abstrackr.cebm.brown.edu need to be sent to ['jens_jap@brown.edu', 'byron_wallace@brown', 'jensjap@gmail.com']
2014-02-03 11:16:43,322 - root.sunfire34.eecs.tufts.edu - DEBUG - Found hostname sunfire34.eecs.tufts.edu
2014-02-03 11:16:43,322 - root.sunfire34.eecs.tufts.edu - DEBUG - sunfire34.eecs.tufts.edu was up last time it was checked
2014-02-03 11:16:43,322 - root.sunfire34.eecs.tufts.edu - DEBUG - Alert for sunfire34.eecs.tufts.edu need to be sent to ['jens_jap@brown.edu', 'byron_wallace@brown', 'jensjap@gmail.com']
2014-02-03 11:16:43,322 - root.srdr.ahrq.gov - DEBUG - Found hostname srdr.ahrq.gov
2014-02-03 11:16:43,322 - root.srdr.ahrq.gov - DEBUG - srdr.ahrq.gov was up last time it was checked
2014-02-03 11:16:43,323 - root.srdr.ahrq.gov - DEBUG - Alert for srdr.ahrq.gov need to be sent to ['jens_jap@brown.edu', 'byron_wallace@brown', 'jensjap@gmail.com']
2014-02-03 11:16:43,323 - root.srdr.training.ahrq.gov - DEBUG - Found hostname srdr.training.ahrq.gov
2014-02-03 11:16:43,323 - root.srdr.training.ahrq.gov - DEBUG - srdr.training.ahrq.gov was up last time it was checked
2014-02-03 11:16:43,323 - root.srdr.training.ahrq.gov - DEBUG - Alert for srdr.training.ahrq.gov need to be sent to ['jens_jap@brown.edu', 'byron_wallace@brown', 'jensjap@gmail.com']
2014-02-03 11:16:43,323 - root.www.infalliblekitty.com - DEBUG - Found hostname www.infalliblekitty.com
2014-02-03 11:16:43,323 - root.www.infalliblekitty.com - DEBUG - www.infalliblekitty.com was down last time it was checked
2014-02-03 11:16:43,323 - root.www.infalliblekitty.com - DEBUG - Alert for www.infalliblekitty.com need to be sent to ['jens_jap@brown.edu']
2014-02-03 11:16:48,513 - root.abstrackr.cebm.brown.edu - INFO - Checking status of abstrackr.cebm.brown.edu
2014-02-03 11:16:48,723 - root.sunfire34.eecs.tufts.edu - INFO - Checking status of sunfire34.eecs.tufts.edu
2014-02-03 11:16:48,932 - root.srdr.ahrq.gov - INFO - Checking status of srdr.ahrq.gov
2014-02-03 11:16:54,557 - root.srdr.training.ahrq.gov - INFO - Checking status of srdr.training.ahrq.gov
2014-02-03 11:16:57,351 - root.www.infalliblekitty.com - INFO - Checking status of www.infalliblekitty.com
2014-02-03 11:21:36,768 - root - INFO - Main program started
2014-02-03 11:21:36,768 - root - INFO - Number of site monitors to build: 5
2014-02-03 11:21:36,768 - root.abstrackr.cebm.brown.edu - DEBUG - Found hostname abstrackr.cebm.brown.edu
2014-02-03 11:21:36,768 - root.abstrackr.cebm.brown.edu - DEBUG - abstrackr.cebm.brown.edu was up last time it was checked
2014-02-03 11:21:36,768 - root.abstrackr.cebm.brown.edu - DEBUG - Alert for abstrackr.cebm.brown.edu need to be sent to ['jens_jap@brown.edu', 'byron_wallace@brown', 'jensjap@gmail.com']
2014-02-03 11:21:36,768 - root.sunfire34.eecs.tufts.edu - DEBUG - Found hostname sunfire34.eecs.tufts.edu
2014-02-03 11:21:36,769 - root.sunfire34.eecs.tufts.edu - DEBUG - sunfire34.eecs.tufts.edu was up last time it was checked
2014-02-03 11:21:36,769 - root.sunfire34.eecs.tufts.edu - DEBUG - Alert for sunfire34.eecs.tufts.edu need to be sent to ['jens_jap@brown.edu', 'byron_wallace@brown', 'jensjap@gmail.com']
2014-02-03 11:21:36,769 - root.srdr.ahrq.gov - DEBUG - Found hostname srdr.ahrq.gov
2014-02-03 11:21:36,769 - root.srdr.ahrq.gov - DEBUG - srdr.ahrq.gov was up last time it was checked
2014-02-03 11:21:36,769 - root.srdr.ahrq.gov - DEBUG - Alert for srdr.ahrq.gov need to be sent to ['jens_jap@brown.edu', 'byron_wallace@brown', 'jensjap@gmail.com']
2014-02-03 11:21:36,769 - root.srdr.training.ahrq.gov - DEBUG - Found hostname srdr.training.ahrq.gov
2014-02-03 11:21:36,769 - root.srdr.training.ahrq.gov - DEBUG - srdr.training.ahrq.gov was up last time it was checked
2014-02-03 11:21:36,769 - root.srdr.training.ahrq.gov - DEBUG - Alert for srdr.training.ahrq.gov need to be sent to ['jens_jap@brown.edu', 'byron_wallace@brown', 'jensjap@gmail.com']
2014-02-03 11:21:36,769 - root.www.infalliblekitty.com - DEBUG - Found hostname www.infalliblekitty.com
2014-02-03 11:21:36,769 - root.www.infalliblekitty.com - DEBUG - www.infalliblekitty.com was down last time it was checked
2014-02-03 11:21:36,770 - root.www.infalliblekitty.com - DEBUG - Alert for www.infalliblekitty.com need to be sent to ['jens_jap@brown.edu']
2014-02-03 11:21:41,843 - root.abstrackr.cebm.brown.edu - INFO - Checking status of abstrackr.cebm.brown.edu
2014-02-03 11:21:41,857 - root.abstrackr.cebm.brown.edu - DEBUG - abstrackr.cebm.brown.edu is fine. Site status is 200
2014-02-03 11:21:41,917 - root.sunfire34.eecs.tufts.edu - INFO - Checking status of sunfire34.eecs.tufts.edu
2014-02-03 11:21:41,946 - root.sunfire34.eecs.tufts.edu - DEBUG - sunfire34.eecs.tufts.edu is fine. Site status is 200
2014-02-03 11:21:42,010 - root.srdr.ahrq.gov - INFO - Checking status of srdr.ahrq.gov
2014-02-03 11:21:44,206 - root.srdr.ahrq.gov - DEBUG - srdr.ahrq.gov is fine. Site status is 200
2014-02-03 11:21:44,309 - root.srdr.training.ahrq.gov - INFO - Checking status of srdr.training.ahrq.gov
2014-02-03 11:21:45,602 - root.srdr.training.ahrq.gov - DEBUG - srdr.training.ahrq.gov is fine. Site status is 200
2014-02-03 11:21:45,663 - root.www.infalliblekitty.com - INFO - Checking status of www.infalliblekitty.com
2014-02-03 11:23:53,017 - root.www.infalliblekitty.com - INFO - http://www.infalliblekitty.com did not return any header status.
2014-02-03 11:23:53,018 - root.www.infalliblekitty.com - DEBUG - www.infalliblekitty.com is fine. Site status is 0
2014-02-03 11:27:11,211 - root - INFO - Main program started
2014-02-03 11:27:11,211 - root - INFO - Number of site monitors to build: 5
2014-02-03 11:27:11,211 - root.abstrackr.cebm.brown.edu - DEBUG - Found hostname abstrackr.cebm.brown.edu
2014-02-03 11:27:11,211 - root.abstrackr.cebm.brown.edu - DEBUG - abstrackr.cebm.brown.edu was up last time it was checked
2014-02-03 11:27:11,211 - root.abstrackr.cebm.brown.edu - DEBUG - Alert for abstrackr.cebm.brown.edu need to be sent to ['jens_jap@brown.edu', 'byron_wallace@brown', 'jensjap@gmail.com']
2014-02-03 11:27:11,211 - root.sunfire34.eecs.tufts.edu - DEBUG - Found hostname sunfire34.eecs.tufts.edu
2014-02-03 11:27:11,211 - root.sunfire34.eecs.tufts.edu - DEBUG - sunfire34.eecs.tufts.edu was up last time it was checked
2014-02-03 11:27:11,211 - root.sunfire34.eecs.tufts.edu - DEBUG - Alert for sunfire34.eecs.tufts.edu need to be sent to ['jens_jap@brown.edu', 'byron_wallace@brown', 'jensjap@gmail.com']
2014-02-03 11:27:11,211 - root.srdr.ahrq.gov - DEBUG - Found hostname srdr.ahrq.gov
2014-02-03 11:27:11,211 - root.srdr.ahrq.gov - DEBUG - srdr.ahrq.gov was up last time it was checked
2014-02-03 11:27:11,212 - root.srdr.ahrq.gov - DEBUG - Alert for srdr.ahrq.gov need to be sent to ['jens_jap@brown.edu', 'byron_wallace@brown', 'jensjap@gmail.com']
2014-02-03 11:27:11,212 - root.srdr.training.ahrq.gov - DEBUG - Found hostname srdr.training.ahrq.gov
2014-02-03 11:27:11,212 - root.srdr.training.ahrq.gov - DEBUG - srdr.training.ahrq.gov was up last time it was checked
2014-02-03 11:27:11,212 - root.srdr.training.ahrq.gov - DEBUG - Alert for srdr.training.ahrq.gov need to be sent to ['jens_jap@brown.edu', 'byron_wallace@brown', 'jensjap@gmail.com']
2014-02-03 11:27:11,212 - root.www.infalliblekitty.com - DEBUG - Found hostname www.infalliblekitty.com
2014-02-03 11:27:11,212 - root.www.infalliblekitty.com - DEBUG - www.infalliblekitty.com was down last time it was checked
2014-02-03 11:27:11,212 - root.www.infalliblekitty.com - DEBUG - Alert for www.infalliblekitty.com need to be sent to ['jens_jap@brown.edu']
2014-02-03 11:27:16,321 - root.abstrackr.cebm.brown.edu - INFO - Checking status of abstrackr.cebm.brown.edu
2014-02-03 11:27:16,434 - root.sunfire34.eecs.tufts.edu - INFO - Checking status of sunfire34.eecs.tufts.edu
2014-02-03 11:27:16,527 - root.srdr.ahrq.gov - INFO - Checking status of srdr.ahrq.gov
2014-02-03 11:27:19,050 - root.srdr.training.ahrq.gov - INFO - Checking status of srdr.training.ahrq.gov
2014-02-03 11:27:20,524 - root.www.infalliblekitty.com - INFO - Checking status of www.infalliblekitty.com
2014-02-03 11:28:25,524 - root.www.infalliblekitty.com - INFO - http://www.infalliblekitty.com did not return any header status.
2014-02-03 11:28:25,525 - root - INFO - Main program finished
2014-02-03 11:28:28,139 - root - INFO - Main program started
2014-02-03 11:28:28,139 - root - INFO - Number of site monitors to build: 5
2014-02-03 11:28:33,208 - root.abstrackr.cebm.brown.edu - INFO - Checking status of abstrackr.cebm.brown.edu
2014-02-03 11:28:33,375 - root.sunfire34.eecs.tufts.edu - INFO - Checking status of sunfire34.eecs.tufts.edu
2014-02-03 11:28:33,550 - root.srdr.ahrq.gov - INFO - Checking status of srdr.ahrq.gov
2014-02-03 11:28:35,501 - root.srdr.training.ahrq.gov - INFO - Checking status of srdr.training.ahrq.gov
2014-02-03 11:28:36,886 - root.www.infalliblekitty.com - INFO - Checking status of www.infalliblekitty.com
2014-02-03 11:28:37,976 - root.www.infalliblekitty.com - INFO - http://www.infalliblekitty.com did not return any header status.
2014-02-03 11:28:37,976 - root - INFO - Main program finished
2014-02-03 11:28:53,922 - root - INFO - Main program started
2014-02-03 11:28:53,922 - root - INFO - Number of site monitors to build: 5
2014-02-03 11:28:53,988 - root.abstrackr.cebm.brown.edu - INFO - Checking status of abstrackr.cebm.brown.edu
2014-02-03 11:28:54,060 - root.sunfire34.eecs.tufts.edu - INFO - Checking status of sunfire34.eecs.tufts.edu
2014-02-03 11:28:54,155 - root.srdr.ahrq.gov - INFO - Checking status of srdr.ahrq.gov
2014-02-03 11:28:56,274 - root.srdr.training.ahrq.gov - INFO - Checking status of srdr.training.ahrq.gov
2014-02-03 11:28:57,737 - root.www.infalliblekitty.com - INFO - Checking status of www.infalliblekitty.com
2014-02-03 11:31:05,018 - root.www.infalliblekitty.com - INFO - http://www.infalliblekitty.com did not return any header status.
2014-02-03 11:31:05,018 - root.www.infalliblekitty.com - INFO - www.infalliblekitty.com is down. Site status is 0
2014-02-03 11:31:05,018 - root.www.infalliblekitty.com - INFO - www.infalliblekitty.com just went down. Sending emails
2014-02-03 11:31:05,018 - root - INFO - Main program finished
2014-02-03 11:32:20,833 - root - INFO - Main program started
2014-02-03 11:32:20,833 - root - INFO - Number of site monitors to build: 5
2014-02-03 11:32:45,239 - root - INFO - Main program started
2014-02-03 11:32:45,239 - root - INFO - Number of site monitors to build: 5
2014-02-03 11:32:45,382 - root.abstrackr.cebm.brown.edu - INFO - Checking status of abstrackr.cebm.brown.edu
2014-02-03 11:32:45,550 - root.sunfire34.eecs.tufts.edu - INFO - Checking status of sunfire34.eecs.tufts.edu
2014-02-03 11:32:45,747 - root.srdr.ahrq.gov - INFO - Checking status of srdr.ahrq.gov
2014-02-03 11:32:48,481 - root.srdr.training.ahrq.gov - INFO - Checking status of srdr.training.ahrq.gov
2014-02-03 11:32:49,946 - root.www.infalliblekitty.com - INFO - Checking status of www.infalliblekitty.com
2014-02-03 11:34:57,339 - root.www.infalliblekitty.com - INFO - http://www.infalliblekitty.com did not return any header status.
2014-02-03 11:34:57,339 - root.www.infalliblekitty.com - INFO - www.infalliblekitty.com is down. Site status is 0
2014-02-03 11:34:57,339 - root.www.infalliblekitty.com - INFO - www.infalliblekitty.com just went down. Sending emails
2014-02-03 11:34:57,339 - root - INFO - Main program finished
2014-02-03 11:36:42,033 - root - INFO - Main program started
2014-02-03 11:36:42,033 - root - INFO - Number of site monitors to build: 5
2014-02-03 11:36:47,110 - root.abstrackr.cebm.brown.edu - INFO - Checking status of abstrackr.cebm.brown.edu
2014-02-03 11:36:47,219 - root.sunfire34.eecs.tufts.edu - INFO - Checking status of sunfire34.eecs.tufts.edu
2014-02-03 11:36:47,447 - root.srdr.ahrq.gov - INFO - Checking status of srdr.ahrq.gov
2014-02-03 11:36:50,190 - root.srdr.training.ahrq.gov - INFO - Checking status of srdr.training.ahrq.gov
2014-02-03 11:36:51,670 - root.www.infalliblekitty.com - INFO - Checking status of www.infalliblekitty.com
2014-02-03 11:37:01,267 - root.www.infalliblekitty.com - INFO - http://www.infalliblekitty.com did not return any header status.
2014-02-03 11:37:01,267 - root.www.infalliblekitty.com - INFO - www.infalliblekitty.com is down. Site status is 0
2014-02-03 11:37:01,267 - root.www.infalliblekitty.com - INFO - www.infalliblekitty.com just went down. Sending emails
2014-02-03 11:37:01,268 - root - INFO - Main program finished
2014-02-03 11:37:17,199 - root - INFO - Main program started
2014-02-03 11:37:17,200 - root - INFO - Number of site monitors to build: 5
2014-02-03 11:37:17,265 - root.abstrackr.cebm.brown.edu - INFO - Checking status of abstrackr.cebm.brown.edu
2014-02-03 11:37:17,421 - root.sunfire34.eecs.tufts.edu - INFO - Checking status of sunfire34.eecs.tufts.edu
2014-02-03 11:37:17,581 - root.srdr.ahrq.gov - INFO - Checking status of srdr.ahrq.gov
2014-02-03 11:37:20,597 - root.srdr.training.ahrq.gov - INFO - Checking status of srdr.training.ahrq.gov
2014-02-03 11:37:22,121 - root.www.infalliblekitty.com - INFO - Checking status of www.infalliblekitty.com
2014-02-03 11:39:29,339 - root.www.infalliblekitty.com - INFO - http://www.infalliblekitty.com did not return any header status.
2014-02-03 11:39:29,339 - root.www.infalliblekitty.com - INFO - www.infalliblekitty.com is down. Site status is 0
2014-02-03 11:39:29,339 - root.www.infalliblekitty.com - INFO - www.infalliblekitty.com just went down. Sending emails
2014-02-03 11:39:29,340 - root - INFO - Main program finished
2014-02-03 13:06:27,835 - root - INFO - Main program started
2014-02-03 13:06:27,835 - root - INFO - Number of site monitors to build: 5
2014-02-03 13:06:32,912 - root.abstrackr.cebm.brown.edu - INFO - Checking status of abstrackr.cebm.brown.edu
2014-02-03 13:09:18,279 - root.sunfire34.eecs.tufts.edu - INFO - Checking status of sunfire34.eecs.tufts.edu
2014-02-03 13:09:18,437 - root.srdr.ahrq.gov - INFO - Checking status of srdr.ahrq.gov
2014-02-03 13:13:33,362 - root.srdr.training.ahrq.gov - INFO - Checking status of srdr.training.ahrq.gov
2014-02-03 13:13:34,778 - root.www.infalliblekitty.com - INFO - Checking status of www.infalliblekitty.com
2014-02-03 13:15:42,458 - root.www.infalliblekitty.com - INFO - http://www.infalliblekitty.com did not return any header status.
2014-02-03 13:15:42,458 - root - INFO - Main program finished
2014-02-03 13:59:20,561 - root - INFO - Main program started
2014-02-03 14:00:15,550 - root - INFO - Main program started
2014-02-03 14:01:26,549 - root - INFO - Main program started
2014-02-03 14:01:26,549 - root - INFO - Number of site monitors to build: 5
2014-02-03 14:01:31,620 - root.abstrackr.cebm.brown.edu - INFO - Checking status of abstrackr.cebm.brown.edu
2014-02-03 14:01:31,794 - root.sunfire34.eecs.tufts.edu - INFO - Checking status of sunfire34.eecs.tufts.edu
2014-02-03 14:01:31,910 - root.srdr.ahrq.gov - INFO - Checking status of srdr.ahrq.gov
2014-02-03 14:01:34,360 - root.srdr.training.ahrq.gov - INFO - Checking status of srdr.training.ahrq.gov
2014-02-03 14:01:35,861 - root.www.infalliblekitty.com - INFO - Checking status of www.infalliblekitty.com
2014-02-03 14:03:43,097 - root.www.infalliblekitty.com - INFO - http://www.infalliblekitty.com did not return any header status.
2014-02-03 14:03:43,098 - root - INFO - Main program finished
2014-02-03 14:04:07,029 - root - INFO - Main program started
2014-02-03 14:04:07,029 - root - INFO - Number of site monitors to build: 5
2014-02-03 14:04:12,138 - root.abstrackr.cebm.brown.edu - INFO - Checking status of abstrackr.cebm.brown.edu
2014-02-03 14:04:12,222 - root.sunfire34.eecs.tufts.edu - INFO - Checking status of sunfire34.eecs.tufts.edu
2014-02-03 14:04:12,367 - root.srdr.ahrq.gov - INFO - Checking status of srdr.ahrq.gov
2014-02-03 14:04:15,117 - root.srdr.training.ahrq.gov - INFO - Checking status of srdr.training.ahrq.gov
2014-02-03 14:04:16,452 - root.www.infalliblekitty.com - INFO - Checking status of www.infalliblekitty.com
2014-02-03 14:06:23,737 - root.www.infalliblekitty.com - INFO - http://www.infalliblekitty.com did not return any header status.
2014-02-03 14:06:23,738 - root.www.infalliblekitty.com - INFO - www.infalliblekitty.com is down. Site status returned: 0
2014-02-03 14:06:23,738 - root - INFO - Main program finished
2014-02-03 14:08:33,875 - root - INFO - Main program started
2014-02-03 14:08:33,875 - root - INFO - Number of site monitors to build: 5
2014-02-03 14:08:38,949 - root.abstrackr.cebm.brown.edu - INFO - Checking status of abstrackr.cebm.brown.edu
2014-02-03 14:09:43,265 - root.sunfire34.eecs.tufts.edu - INFO - Checking status of sunfire34.eecs.tufts.edu
2014-02-03 14:09:43,518 - root.srdr.ahrq.gov - INFO - Checking status of srdr.ahrq.gov
2014-02-03 14:09:46,172 - root.srdr.training.ahrq.gov - INFO - Checking status of srdr.training.ahrq.gov
2014-02-03 14:09:47,632 - root.www.infalliblekitty.com - INFO - Checking status of www.infalliblekitty.com
2014-02-03 14:11:54,938 - root.www.infalliblekitty.com - INFO - http://www.infalliblekitty.com did not return any header status.
2014-02-03 14:11:54,938 - root.www.infalliblekitty.com - INFO - www.infalliblekitty.com is down. Site status returned: 0
2014-02-03 14:11:54,938 - root - INFO - Main program finished
2014-02-03 14:13:08,190 - root - INFO - Main program started
2014-02-03 14:13:08,190 - root - INFO - Number of site monitors to build: 5
2014-02-03 14:13:13,200 - root.abstrackr.cebm.brown.edu - INFO - http://www.google.com did not return any header status.
2014-02-03 14:13:26,560 - root - INFO - Main program started
2014-02-03 14:13:26,561 - root - INFO - Number of site monitors to build: 5
2014-02-03 14:13:26,625 - root.abstrackr.cebm.brown.edu - INFO - Checking status of abstrackr.cebm.brown.edu
2014-02-03 14:13:26,698 - root.sunfire34.eecs.tufts.edu - INFO - Checking status of sunfire34.eecs.tufts.edu
2014-02-03 14:13:26,790 - root.srdr.ahrq.gov - INFO - Checking status of srdr.ahrq.gov
2014-02-03 14:13:29,626 - root.srdr.training.ahrq.gov - INFO - Checking status of srdr.training.ahrq.gov
2014-02-03 14:13:30,956 - root.www.infalliblekitty.com - INFO - Checking status of www.infalliblekitty.com
2014-02-03 14:13:51,417 - root.www.infalliblekitty.com - INFO - http://www.infalliblekitty.com did not return any header status.
2014-02-03 14:13:51,417 - root.www.infalliblekitty.com - INFO - www.infalliblekitty.com is down. Site status returned: 0
2014-02-03 14:13:52,883 - root - INFO - Main program finished
2014-02-03 14:14:15,476 - root - INFO - Main program started
2014-02-03 14:14:15,476 - root - INFO - Number of site monitors to build: 5
2014-02-03 14:14:15,476 - root.abstrackr.cebm.brown.edu - DEBUG - Found hostname abstrackr.cebm.brown.edu
2014-02-03 14:14:15,476 - root.abstrackr.cebm.brown.edu - DEBUG - abstrackr.cebm.brown.edu was up last time it was checked
2014-02-03 14:14:15,476 - root.abstrackr.cebm.brown.edu - DEBUG - Alert for abstrackr.cebm.brown.edu need to be sent to ['jens_jap@brown.edu', 'byron_wallace@brown', 'jensjap@gmail.com']
2014-02-03 14:14:15,476 - root.sunfire34.eecs.tufts.edu - DEBUG - Found hostname sunfire34.eecs.tufts.edu
2014-02-03 14:14:15,477 - root.sunfire34.eecs.tufts.edu - DEBUG - sunfire34.eecs.tufts.edu was up last time it was checked
2014-02-03 14:14:15,477 - root.sunfire34.eecs.tufts.edu - DEBUG - Alert for sunfire34.eecs.tufts.edu need to be sent to ['jens_jap@brown.edu', 'byron_wallace@brown', 'jensjap@gmail.com']
2014-02-03 14:14:15,477 - root.srdr.ahrq.gov - DEBUG - Found hostname srdr.ahrq.gov
2014-02-03 14:14:15,477 - root.srdr.ahrq.gov - DEBUG - srdr.ahrq.gov was up last time it was checked
2014-02-03 14:14:15,477 - root.srdr.ahrq.gov - DEBUG - Alert for srdr.ahrq.gov need to be sent to ['jens_jap@brown.edu', 'byron_wallace@brown', 'jensjap@gmail.com']
2014-02-03 14:14:15,477 - root.srdr.training.ahrq.gov - DEBUG - Found hostname srdr.training.ahrq.gov
2014-02-03 14:14:15,477 - root.srdr.training.ahrq.gov - DEBUG - srdr.training.ahrq.gov was up last time it was checked
2014-02-03 14:14:15,477 - root.srdr.training.ahrq.gov - DEBUG - Alert for srdr.training.ahrq.gov need to be sent to ['jens_jap@brown.edu', 'byron_wallace@brown', 'jensjap@gmail.com']
2014-02-03 14:14:15,477 - root.www.infalliblekitty.com - DEBUG - Found hostname www.infalliblekitty.com
2014-02-03 14:14:15,477 - root.www.infalliblekitty.com - DEBUG - www.infalliblekitty.com was up last time it was checked
2014-02-03 14:14:15,477 - root.www.infalliblekitty.com - DEBUG - Alert for www.infalliblekitty.com need to be sent to ['jens_jap@brown.edu', 'jens.jap@gmail.com']
2014-02-03 14:14:15,543 - root.abstrackr.cebm.brown.edu - INFO - Checking status of abstrackr.cebm.brown.edu
2014-02-03 14:14:15,615 - root.sunfire34.eecs.tufts.edu - INFO - Checking status of sunfire34.eecs.tufts.edu
2014-02-03 14:14:16,034 - root.srdr.ahrq.gov - INFO - Checking status of srdr.ahrq.gov
2014-02-03 14:14:18,988 - root.srdr.training.ahrq.gov - INFO - Checking status of srdr.training.ahrq.gov
2014-02-03 14:14:20,378 - root.www.infalliblekitty.com - INFO - Checking status of www.infalliblekitty.com
2014-02-03 14:14:27,661 - root.www.infalliblekitty.com - INFO - http://www.infalliblekitty.com did not return any header status.
2014-02-03 14:14:27,661 - root.www.infalliblekitty.com - INFO - www.infalliblekitty.com is down. Site status returned: 0
2014-02-03 14:14:29,875 - root.www.infalliblekitty.com - DEBUG - Email send tojens_jap@brown.edu, jens.jap@gmail.com
2014-02-03 14:14:29,876 - root - INFO - Main program finished
2014-02-03 14:14:44,523 - root - INFO - Main program started
2014-02-03 14:14:44,523 - root - INFO - Number of site monitors to build: 5
2014-02-03 14:14:44,523 - root.abstrackr.cebm.brown.edu - DEBUG - Found hostname abstrackr.cebm.brown.edu
2014-02-03 14:14:44,523 - root.abstrackr.cebm.brown.edu - DEBUG - abstrackr.cebm.brown.edu was up last time it was checked
2014-02-03 14:14:44,523 - root.abstrackr.cebm.brown.edu - DEBUG - Alert for abstrackr.cebm.brown.edu need to be sent to ['jens_jap@brown.edu', 'byron_wallace@brown', 'jensjap@gmail.com']
2014-02-03 14:14:44,524 - root.sunfire34.eecs.tufts.edu - DEBUG - Found hostname sunfire34.eecs.tufts.edu
2014-02-03 14:14:44,524 - root.sunfire34.eecs.tufts.edu - DEBUG - sunfire34.eecs.tufts.edu was up last time it was checked
2014-02-03 14:14:44,524 - root.sunfire34.eecs.tufts.edu - DEBUG - Alert for sunfire34.eecs.tufts.edu need to be sent to ['jens_jap@brown.edu', 'byron_wallace@brown', 'jensjap@gmail.com']
2014-02-03 14:14:44,524 - root.srdr.ahrq.gov - DEBUG - Found hostname srdr.ahrq.gov
2014-02-03 14:14:44,524 - root.srdr.ahrq.gov - DEBUG - srdr.ahrq.gov was up last time it was checked
2014-02-03 14:14:44,524 - root.srdr.ahrq.gov - DEBUG - Alert for srdr.ahrq.gov need to be sent to ['jens_jap@brown.edu', 'byron_wallace@brown', 'jensjap@gmail.com']
2014-02-03 14:14:44,524 - root.srdr.training.ahrq.gov - DEBUG - Found hostname srdr.training.ahrq.gov
2014-02-03 14:14:44,524 - root.srdr.training.ahrq.gov - DEBUG - srdr.training.ahrq.gov was up last time it was checked
2014-02-03 14:14:44,525 - root.srdr.training.ahrq.gov - DEBUG - Alert for srdr.training.ahrq.gov need to be sent to ['jens_jap@brown.edu', 'byron_wallace@brown', 'jensjap@gmail.com']
2014-02-03 14:14:44,525 - root.www.infalliblekitty.com - DEBUG - Found hostname www.infalliblekitty.com
2014-02-03 14:14:44,525 - root.www.infalliblekitty.com - DEBUG - www.infalliblekitty.com was up last time it was checked
2014-02-03 14:14:44,525 - root.www.infalliblekitty.com - DEBUG - Alert for www.infalliblekitty.com need to be sent to ['jens_jap@brown.edu', 'jens.jap@gmail.com']
2014-02-03 14:14:44,590 - root.abstrackr.cebm.brown.edu - INFO - Checking status of abstrackr.cebm.brown.edu
2014-02-03 14:14:44,698 - root.sunfire34.eecs.tufts.edu - INFO - Checking status of sunfire34.eecs.tufts.edu
2014-02-03 14:14:44,834 - root.srdr.ahrq.gov - INFO - Checking status of srdr.ahrq.gov
2014-02-03 14:14:47,587 - root.srdr.training.ahrq.gov - INFO - Checking status of srdr.training.ahrq.gov
2014-02-03 14:14:48,978 - root.www.infalliblekitty.com - INFO - Checking status of www.infalliblekitty.com
2014-02-03 14:16:56,378 - root.www.infalliblekitty.com - INFO - http://www.infalliblekitty.com did not return any header status.
2014-02-03 14:16:56,379 - root.www.infalliblekitty.com - INFO - www.infalliblekitty.com is down. Site status returned: 0
2014-02-03 14:16:58,265 - root.www.infalliblekitty.com - DEBUG - Email send tojens_jap@brown.edu, jens.jap@gmail.com
2014-02-03 14:16:58,266 - root - INFO - Main program finished
2014-02-03 14:19:16,370 - root - INFO - Main program started
2014-02-03 14:19:16,370 - root - INFO - Number of site monitors to build: 4
2014-02-03 14:19:16,370 - root.abstrackr.cebm.brown.edu - DEBUG - Found hostname abstrackr.cebm.brown.edu
2014-02-03 14:19:16,371 - root.abstrackr.cebm.brown.edu - DEBUG - abstrackr.cebm.brown.edu was down last time it was checked
2014-02-03 14:19:16,371 - root.abstrackr.cebm.brown.edu - DEBUG - Alert for abstrackr.cebm.brown.edu need to be sent to ['jens_jap@brown.edu', 'byron_wallace@brown', 'jensjap@gmail.com']
2014-02-03 14:19:16,371 - root.sunfire34.eecs.tufts.edu - DEBUG - Found hostname sunfire34.eecs.tufts.edu
2014-02-03 14:19:16,371 - root.sunfire34.eecs.tufts.edu - DEBUG - sunfire34.eecs.tufts.edu was up last time it was checked
2014-02-03 14:19:16,371 - root.sunfire34.eecs.tufts.edu - DEBUG - Alert for sunfire34.eecs.tufts.edu need to be sent to ['jens_jap@brown.edu', 'byron_wallace@brown', 'jensjap@gmail.com']
2014-02-03 14:19:16,371 - root.srdr.ahrq.gov - DEBUG - Found hostname srdr.ahrq.gov
2014-02-03 14:19:16,371 - root.srdr.ahrq.gov - DEBUG - srdr.ahrq.gov was up last time it was checked
2014-02-03 14:19:16,371 - root.srdr.ahrq.gov - DEBUG - Alert for srdr.ahrq.gov need to be sent to ['jens_jap@brown.edu', 'byron_wallace@brown', 'jensjap@gmail.com']
2014-02-03 14:19:16,372 - root.srdr.training.ahrq.gov - DEBUG - Found hostname srdr.training.ahrq.gov
2014-02-03 14:19:16,372 - root.srdr.training.ahrq.gov - DEBUG - srdr.training.ahrq.gov was up last time it was checked
2014-02-03 14:19:16,372 - root.srdr.training.ahrq.gov - DEBUG - Alert for srdr.training.ahrq.gov need to be sent to ['jens_jap@brown.edu', 'byron_wallace@brown', 'jensjap@gmail.com']
2014-02-03 14:19:21,443 - root.abstrackr.cebm.brown.edu - INFO - Checking status of abstrackr.cebm.brown.edu
2014-02-03 14:19:21,458 - root.abstrackr.cebm.brown.edu - INFO - abstrackr.cebm.brown.edu is up again. Site status returned: 200
2014-02-03 14:19:52,226 - root.abstrackr.cebm.brown.edu - DEBUG - Email not send: (454, '4.7.0 Cannot authenticate due to temporary system problem. Try again later. d7sm59217223qad.10 - gsmtp')
2014-02-03 14:19:52,298 - root.sunfire34.eecs.tufts.edu - INFO - Checking status of sunfire34.eecs.tufts.edu
2014-02-03 14:19:52,392 - root.srdr.ahrq.gov - INFO - Checking status of srdr.ahrq.gov
2014-02-03 14:19:55,540 - root.srdr.training.ahrq.gov - INFO - Checking status of srdr.training.ahrq.gov
2014-02-03 14:19:56,793 - root - INFO - Main program finished
2014-02-03 14:20:28,194 - root - INFO - Main program started
2014-02-03 14:20:28,194 - root - INFO - Number of site monitors to build: 4
2014-02-03 14:20:28,194 - root.abstrackr.cebm.brown.edu - DEBUG - Found hostname abstrackr.cebm.brown.edu
2014-02-03 14:20:28,194 - root.abstrackr.cebm.brown.edu - DEBUG - abstrackr.cebm.brown.edu was up last time it was checked
2014-02-03 14:20:28,194 - root.abstrackr.cebm.brown.edu - DEBUG - Alert for abstrackr.cebm.brown.edu need to be sent to ['jens_jap@brown.edu', 'byron_wallace@brown', 'jensjap@gmail.com']
2014-02-03 14:20:28,195 - root.sunfire34.eecs.tufts.edu - DEBUG - Found hostname sunfire34.eecs.tufts.edu
2014-02-03 14:20:28,195 - root.sunfire34.eecs.tufts.edu - DEBUG - sunfire34.eecs.tufts.edu was up last time it was checked
2014-02-03 14:20:28,195 - root.sunfire34.eecs.tufts.edu - DEBUG - Alert for sunfire34.eecs.tufts.edu need to be sent to ['jens_jap@brown.edu', 'byron_wallace@brown', 'jensjap@gmail.com']
2014-02-03 14:20:28,195 - root.srdr.ahrq.gov - DEBUG - Found hostname srdr.ahrq.gov
2014-02-03 14:20:28,195 - root.srdr.ahrq.gov - DEBUG - srdr.ahrq.gov was up last time it was checked
2014-02-03 14:20:28,195 - root.srdr.ahrq.gov - DEBUG - Alert for srdr.ahrq.gov need to be sent to ['jens_jap@brown.edu', 'byron_wallace@brown', 'jensjap@gmail.com']
2014-02-03 14:20:28,195 - root.srdr.training.ahrq.gov - DEBUG - Found hostname srdr.training.ahrq.gov
2014-02-03 14:20:28,195 - root.srdr.training.ahrq.gov - DEBUG - srdr.training.ahrq.gov was up last time it was checked
2014-02-03 14:20:28,195 - root.srdr.training.ahrq.gov - DEBUG - Alert for srdr.training.ahrq.gov need to be sent to ['jens_jap@brown.edu', 'byron_wallace@brown', 'jensjap@gmail.com']
2014-02-03 14:20:28,315 - root.abstrackr.cebm.brown.edu - INFO - Checking status of abstrackr.cebm.brown.edu
2014-02-03 14:20:28,393 - root.sunfire34.eecs.tufts.edu - INFO - Checking status of sunfire34.eecs.tufts.edu
2014-02-03 14:20:28,565 - root.srdr.ahrq.gov - INFO - Checking status of srdr.ahrq.gov
2014-02-03 14:20:31,630 - root.srdr.training.ahrq.gov - INFO - Checking status of srdr.training.ahrq.gov
2014-02-03 14:20:32,903 - root - INFO - Main program finished
2014-02-03 14:20:50,368 - root - INFO - Main program started
2014-02-03 14:20:50,368 - root - INFO - Number of site monitors to build: 4
2014-02-03 14:20:50,368 - root.abstrackr.cebm.brown.edu - DEBUG - Found hostname abstrackr.cebm.brown.edu
2014-02-03 14:20:50,368 - root.abstrackr.cebm.brown.edu - DEBUG - abstrackr.cebm.brown.edu was up last time it was checked
2014-02-03 14:20:50,368 - root.abstrackr.cebm.brown.edu - DEBUG - Alert for abstrackr.cebm.brown.edu need to be sent to ['jens_jap@brown.edu', 'byron_wallace@brown', 'jensjap@gmail.com']
2014-02-03 14:20:50,368 - root.sunfire34.eecs.tufts.edu - DEBUG - Found hostname sunfire34.eecs.tufts.edu
2014-02-03 14:20:50,368 - root.sunfire34.eecs.tufts.edu - DEBUG - sunfire34.eecs.tufts.edu was down last time it was checked
2014-02-03 14:20:50,368 - root.sunfire34.eecs.tufts.edu - DEBUG - Alert for sunfire34.eecs.tufts.edu need to be sent to ['jens_jap@brown.edu', 'byron_wallace@brown', 'jensjap@gmail.com']
2014-02-03 14:20:50,369 - root.srdr.ahrq.gov - DEBUG - Found hostname srdr.ahrq.gov
2014-02-03 14:20:50,369 - root.srdr.ahrq.gov - DEBUG - srdr.ahrq.gov was up last time it was checked
2014-02-03 14:20:50,369 - root.srdr.ahrq.gov - DEBUG - Alert for srdr.ahrq.gov need to be sent to ['jens_jap@brown.edu', 'byron_wallace@brown', 'jensjap@gmail.com']
2014-02-03 14:20:50,369 - root.srdr.training.ahrq.gov - DEBUG - Found hostname srdr.training.ahrq.gov
2014-02-03 14:20:50,369 - root.srdr.training.ahrq.gov - DEBUG - srdr.training.ahrq.gov was up last time it was checked
2014-02-03 14:20:50,369 - root.srdr.training.ahrq.gov - DEBUG - Alert for srdr.training.ahrq.gov need to be sent to ['jens_jap@brown.edu', 'byron_wallace@brown', 'jensjap@gmail.com']
2014-02-03 14:20:50,578 - root.abstrackr.cebm.brown.edu - INFO - Checking status of abstrackr.cebm.brown.edu
2014-02-03 14:20:50,745 - root.sunfire34.eecs.tufts.edu - INFO - Checking status of sunfire34.eecs.tufts.edu
2014-02-03 14:20:50,775 - root.sunfire34.eecs.tufts.edu - INFO - sunfire34.eecs.tufts.edu is up again. Site status returned: 200
2014-02-03 14:20:52,884 - root.sunfire34.eecs.tufts.edu - DEBUG - Email send tojens_jap@brown.edu, byron_wallace@brown, jensjap@gmail.com
2014-02-03 14:20:52,951 - root.srdr.ahrq.gov - INFO - Checking status of srdr.ahrq.gov
2014-02-03 14:20:56,360 - root.srdr.training.ahrq.gov - INFO - Checking status of srdr.training.ahrq.gov
2014-02-03 14:20:57,615 - root - INFO - Main program finished
2014-02-03 14:23:24,369 - root - INFO - Main program started
2014-02-03 14:23:24,369 - root - INFO - Number of site monitors to build: 4
2014-02-03 14:23:24,369 - root.abstrackr.cebm.brown.edu - DEBUG - Found hostname abstrackr.cebm.brown.edu
2014-02-03 14:23:24,369 - root.abstrackr.cebm.brown.edu - DEBUG - abstrackr.cebm.brown.edu was up last time it was checked
2014-02-03 14:23:24,369 - root.abstrackr.cebm.brown.edu - DEBUG - Alert for abstrackr.cebm.brown.edu need to be sent to ['jens_jap@brown.edu', 'byron_wallace@brown', 'jensjap@gmail.com']
2014-02-03 14:23:24,369 - root.sunfire34.eecs.tufts.edu - DEBUG - Found hostname sunfire34.eecs.tufts.edu
2014-02-03 14:23:24,369 - root.sunfire34.eecs.tufts.edu - DEBUG - sunfire34.eecs.tufts.edu was up last time it was checked
2014-02-03 14:23:24,370 - root.sunfire34.eecs.tufts.edu - DEBUG - Alert for sunfire34.eecs.tufts.edu need to be sent to ['jens_jap@brown.edu', 'byron_wallace@brown', 'jensjap@gmail.com']
2014-02-03 14:23:24,370 - root.srdr.ahrq.gov - DEBUG - Found hostname srdr.ahrq.gov
2014-02-03 14:23:24,370 - root.srdr.ahrq.gov - DEBUG - srdr.ahrq.gov was up last time it was checked
2014-02-03 14:23:24,370 - root.srdr.ahrq.gov - DEBUG - Alert for srdr.ahrq.gov need to be sent to ['jens_jap@brown.edu', 'byron_wallace@brown', 'jensjap@gmail.com']
2014-02-03 14:23:24,370 - root.srdr.training.ahrq.gov - DEBUG - Found hostname srdr.training.ahrq.gov
2014-02-03 14:23:24,370 - root.srdr.training.ahrq.gov - DEBUG - srdr.training.ahrq.gov was up last time it was checked
2014-02-03 14:23:24,370 - root.srdr.training.ahrq.gov - DEBUG - Alert for srdr.training.ahrq.gov need to be sent to ['jens_jap@brown.edu', 'byron_wallace@brown', 'jensjap@gmail.com']
2014-02-03 14:23:24,435 - root.abstrackr.cebm.brown.edu - INFO - Checking status of abstrackr.cebm.brown.edu
2014-02-03 14:24:45,601 - root.sunfire34.eecs.tufts.edu - INFO - Checking status of sunfire34.eecs.tufts.edu
2014-02-03 14:24:45,731 - root.srdr.ahrq.gov - INFO - Checking status of srdr.ahrq.gov
2014-02-03 14:24:48,194 - root.srdr.training.ahrq.gov - INFO - Checking status of srdr.training.ahrq.gov
2014-02-03 14:24:49,567 - root - INFO - Main program finished
2014-02-03 14:27:45,602 - root - INFO - Main program started
2014-02-03 14:27:45,602 - root - INFO - Number of site monitors to build: 5
2014-02-03 14:27:45,709 - root.abstrackr.cebm.brown.edu - INFO - Checking status of abstrackr.cebm.brown.edu
2014-02-03 14:27:45,815 - root.sunfire34.eecs.tufts.edu - INFO - Checking status of sunfire34.eecs.tufts.edu
2014-02-03 14:27:45,925 - root.srdr.ahrq.gov - INFO - Checking status of srdr.ahrq.gov
2014-02-03 14:27:48,420 - root.srdr.training.ahrq.gov - INFO - Checking status of srdr.training.ahrq.gov
2014-02-03 14:27:49,808 - root.www.cebm.brown.edu - INFO - Checking status of www.cebm.brown.edu
2014-02-03 14:27:49,883 - root - INFO - Main program finished
2014-02-03 14:28:32,798 - root - INFO - Main program started
2014-02-03 14:28:32,798 - root - INFO - Number of site monitors to build: 5
2014-02-03 14:28:32,918 - root.abstrackr.cebm.brown.edu - INFO - Checking status of abstrackr.cebm.brown.edu
2014-02-03 14:28:33,012 - root.sunfire34.eecs.tufts.edu - INFO - Checking status of sunfire34.eecs.tufts.edu
2014-02-03 14:28:33,123 - root.srdr.ahrq.gov - INFO - Checking status of srdr.ahrq.gov
2014-02-03 14:28:35,280 - root.srdr.training.ahrq.gov - INFO - Checking status of srdr.training.ahrq.gov
2014-02-03 14:28:36,653 - root.www.cebm.brown.edu - INFO - Checking status of www.cebm.brown.edu
2014-02-03 14:28:36,714 - root - INFO - Main program finished
2014-02-03 14:29:07,372 - root - INFO - Main program started
2014-02-03 14:29:07,372 - root - INFO - Number of site monitors to build: 5
2014-02-03 14:29:07,434 - root.abstrackr.cebm.brown.edu - INFO - Checking status of abstrackr.cebm.brown.edu
2014-02-03 14:29:07,505 - root.sunfire34.eecs.tufts.edu - INFO - Checking status of sunfire34.eecs.tufts.edu
2014-02-03 14:29:07,534 - root.sunfire34.eecs.tufts.edu - INFO - sunfire34.eecs.tufts.edu is up again. Site status returned: 200
2014-02-03 14:29:09,755 - root.srdr.ahrq.gov - INFO - Checking status of srdr.ahrq.gov
2014-02-03 14:29:11,646 - root.srdr.training.ahrq.gov - INFO - Checking status of srdr.training.ahrq.gov
2014-02-03 14:29:12,930 - root.www.cebm.brown.edu - INFO - Checking status of www.cebm.brown.edu
2014-02-03 14:29:12,993 - root.www.cebm.brown.edu - INFO - www.cebm.brown.edu is up again. Site status returned: 200
2014-02-03 14:29:15,804 - root - INFO - Main program finished
